2017-08-28 16:21:46 Error: [MissingConnectionException] Database connection "Mysql" is missing, or could not be created.
Exception Attributes: array (
  'class' => 'Mysql',
  'message' => 'SQLSTATE[HY000] [1045] Access denied for user \'Developer\'@\'localhost\' (using password: YES)',
  'enabled' => true,
)
Request URL: /users/password_recover
Stack Trace:
#0 /home/diego/Workspace/Astro-Online/lib/Cake/Model/Datasource/DboSource.php(269): Mysql->connect()
#1 /home/diego/Workspace/Astro-Online/lib/Cake/Model/ConnectionManager.php(105): DboSource->__construct(Array)
#2 /home/diego/Workspace/Astro-Online/lib/Cake/Model/Model.php(3640): ConnectionManager::getDataSource('default')
#3 /home/diego/Workspace/Astro-Online/lib/Cake/Model/Model.php(1162): Model->setDataSource('default')
#4 /home/diego/Workspace/Astro-Online/lib/Cake/Model/Model.php(3667): Model->setSource('users')
#5 /home/diego/Workspace/Astro-Online/lib/Cake/Model/Model.php(3038): Model->getDataSource()
#6 /home/diego/Workspace/Astro-Online/lib/Cake/Model/Model.php(3010): Model->_readDataSource('first', Array)
#7 /home/diego/Workspace/Astro-Online/app/Controller/UsersController.php(109): Model->find('first', Array)
#8 [internal function]: UsersController->password_recover()
#9 /home/diego/Workspace/Astro-Online/lib/Cake/Controller/Controller.php(491): ReflectionMethod->invokeArgs(Object(UsersController), Array)
#10 /home/diego/Workspace/Astro-Online/lib/Cake/Routing/Dispatcher.php(193): Controller->invokeAction(Object(CakeRequest))
#11 /home/diego/Workspace/Astro-Online/lib/Cake/Routing/Dispatcher.php(167): Dispatcher->_invoke(Object(UsersController), Object(CakeRequest))
#12 /home/diego/Workspace/Astro-Online/app/webroot/index.php(110): Dispatcher->dispatch(Object(CakeRequest), Object(CakeResponse))
#13 {main}
2017-08-28 16:21:46 Error: [MissingControllerException] Controller class CssController could not be found.
Exception Attributes: array (
  'class' => 'CssController',
  'plugin' => NULL,
)
Request URL: /css/cake.generic.css
Stack Trace:
#0 /home/diego/Workspace/Astro-Online/app/webroot/index.php(110): Dispatcher->dispatch(Object(CakeRequest), Object(CakeResponse))
#1 {main}
2017-08-28 16:21:46 Error: [MissingControllerException] Controller class ImgController could not be found.
Exception Attributes: array (
  'class' => 'ImgController',
  'plugin' => NULL,
)
Request URL: /img/cake.power.gif
Stack Trace:
#0 /home/diego/Workspace/Astro-Online/app/webroot/index.php(110): Dispatcher->dispatch(Object(CakeRequest), Object(CakeResponse))
#1 {main}
2017-08-28 16:26:42 Error: [MissingConnectionException] Database connection "Mysql" is missing, or could not be created.
Exception Attributes: array (
  'class' => 'Mysql',
  'message' => 'SQLSTATE[HY000] [1045] Access denied for user \'Developer\'@\'localhost\' (using password: YES)',
  'enabled' => true,
)
Request URL: /users/password_recover
Stack Trace:
#0 /home/diego/Workspace/Astro-Online/lib/Cake/Model/Datasource/DboSource.php(269): Mysql->connect()
#1 /home/diego/Workspace/Astro-Online/lib/Cake/Model/ConnectionManager.php(105): DboSource->__construct(Array)
#2 /home/diego/Workspace/Astro-Online/lib/Cake/Model/Model.php(3640): ConnectionManager::getDataSource('default')
#3 /home/diego/Workspace/Astro-Online/lib/Cake/Model/Model.php(1162): Model->setDataSource('default')
#4 /home/diego/Workspace/Astro-Online/lib/Cake/Model/Model.php(3667): Model->setSource('users')
#5 /home/diego/Workspace/Astro-Online/lib/Cake/Model/Model.php(3038): Model->getDataSource()
#6 /home/diego/Workspace/Astro-Online/lib/Cake/Model/Model.php(3010): Model->_readDataSource('first', Array)
#7 /home/diego/Workspace/Astro-Online/app/Controller/UsersController.php(109): Model->find('first', Array)
#8 [internal function]: UsersController->password_recover()
#9 /home/diego/Workspace/Astro-Online/lib/Cake/Controller/Controller.php(491): ReflectionMethod->invokeArgs(Object(UsersController), Array)
#10 /home/diego/Workspace/Astro-Online/lib/Cake/Routing/Dispatcher.php(193): Controller->invokeAction(Object(CakeRequest))
#11 /home/diego/Workspace/Astro-Online/lib/Cake/Routing/Dispatcher.php(167): Dispatcher->_invoke(Object(UsersController), Object(CakeRequest))
#12 /home/diego/Workspace/Astro-Online/app/webroot/index.php(110): Dispatcher->dispatch(Object(CakeRequest), Object(CakeResponse))
#13 {main}
2017-08-28 16:26:42 Error: [MissingControllerException] Controller class ImgController could not be found.
Exception Attributes: array (
  'class' => 'ImgController',
  'plugin' => NULL,
)
Request URL: /img/cake.power.gif
Stack Trace:
#0 /home/diego/Workspace/Astro-Online/app/webroot/index.php(110): Dispatcher->dispatch(Object(CakeRequest), Object(CakeResponse))
#1 {main}
2017-08-28 16:26:42 Error: [MissingControllerException] Controller class CssController could not be found.
Exception Attributes: array (
  'class' => 'CssController',
  'plugin' => NULL,
)
Request URL: /css/cake.generic.css
Stack Trace:
#0 /home/diego/Workspace/Astro-Online/app/webroot/index.php(110): Dispatcher->dispatch(Object(CakeRequest), Object(CakeResponse))
#1 {main}
2017-08-28 16:26:42 Error: [MissingControllerException] Controller class ImgController could not be found.
Exception Attributes: array (
  'class' => 'ImgController',
  'plugin' => NULL,
)
Request URL: /img/cake.power.gif
Stack Trace:
#0 /home/diego/Workspace/Astro-Online/app/webroot/index.php(110): Dispatcher->dispatch(Object(CakeRequest), Object(CakeResponse))
#1 {main}
2017-08-28 16:26:50 Error: [MissingConnectionException] Database connection "Mysql" is missing, or could not be created.
Exception Attributes: array (
  'class' => 'Mysql',
  'message' => 'SQLSTATE[HY000] [1045] Access denied for user \'Developer\'@\'localhost\' (using password: YES)',
  'enabled' => true,
)
Request URL: /users/password_recover
Stack Trace:
#0 /home/diego/Workspace/Astro-Online/lib/Cake/Model/Datasource/DboSource.php(269): Mysql->connect()
#1 /home/diego/Workspace/Astro-Online/lib/Cake/Model/ConnectionManager.php(105): DboSource->__construct(Array)
#2 /home/diego/Workspace/Astro-Online/lib/Cake/Model/Model.php(3640): ConnectionManager::getDataSource('default')
#3 /home/diego/Workspace/Astro-Online/lib/Cake/Model/Model.php(1162): Model->setDataSource('default')
#4 /home/diego/Workspace/Astro-Online/lib/Cake/Model/Model.php(3667): Model->setSource('users')
#5 /home/diego/Workspace/Astro-Online/lib/Cake/Model/Model.php(3038): Model->getDataSource()
#6 /home/diego/Workspace/Astro-Online/lib/Cake/Model/Model.php(3010): Model->_readDataSource('first', Array)
#7 /home/diego/Workspace/Astro-Online/app/Controller/UsersController.php(109): Model->find('first', Array)
#8 [internal function]: UsersController->password_recover()
#9 /home/diego/Workspace/Astro-Online/lib/Cake/Controller/Controller.php(491): ReflectionMethod->invokeArgs(Object(UsersController), Array)
#10 /home/diego/Workspace/Astro-Online/lib/Cake/Routing/Dispatcher.php(193): Controller->invokeAction(Object(CakeRequest))
#11 /home/diego/Workspace/Astro-Online/lib/Cake/Routing/Dispatcher.php(167): Dispatcher->_invoke(Object(UsersController), Object(CakeRequest))
#12 /home/diego/Workspace/Astro-Online/app/webroot/index.php(110): Dispatcher->dispatch(Object(CakeRequest), Object(CakeResponse))
#13 {main}
2017-08-28 16:26:50 Error: [MissingControllerException] Controller class CssController could not be found.
Exception Attributes: array (
  'class' => 'CssController',
  'plugin' => NULL,
)
Request URL: /css/cake.generic.css
Stack Trace:
#0 /home/diego/Workspace/Astro-Online/app/webroot/index.php(110): Dispatcher->dispatch(Object(CakeRequest), Object(CakeResponse))
#1 {main}
2017-08-28 16:26:50 Error: [MissingControllerException] Controller class ImgController could not be found.
Exception Attributes: array (
  'class' => 'ImgController',
  'plugin' => NULL,
)
Request URL: /img/cake.power.gif
Stack Trace:
#0 /home/diego/Workspace/Astro-Online/app/webroot/index.php(110): Dispatcher->dispatch(Object(CakeRequest), Object(CakeResponse))
#1 {main}
2017-08-28 16:26:52 Error: [MissingConnectionException] Database connection "Mysql" is missing, or could not be created.
Exception Attributes: array (
  'class' => 'Mysql',
  'message' => 'SQLSTATE[HY000] [1045] Access denied for user \'Developer\'@\'localhost\' (using password: YES)',
  'enabled' => true,
)
Request URL: /users/password_recover
Stack Trace:
#0 /home/diego/Workspace/Astro-Online/lib/Cake/Model/Datasource/DboSource.php(269): Mysql->connect()
#1 /home/diego/Workspace/Astro-Online/lib/Cake/Model/ConnectionManager.php(105): DboSource->__construct(Array)
#2 /home/diego/Workspace/Astro-Online/lib/Cake/Model/Model.php(3640): ConnectionManager::getDataSource('default')
#3 /home/diego/Workspace/Astro-Online/lib/Cake/Model/Model.php(1162): Model->setDataSource('default')
#4 /home/diego/Workspace/Astro-Online/lib/Cake/Model/Model.php(3667): Model->setSource('users')
#5 /home/diego/Workspace/Astro-Online/lib/Cake/Model/Model.php(3038): Model->getDataSource()
#6 /home/diego/Workspace/Astro-Online/lib/Cake/Model/Model.php(3010): Model->_readDataSource('first', Array)
#7 /home/diego/Workspace/Astro-Online/app/Controller/UsersController.php(109): Model->find('first', Array)
#8 [internal function]: UsersController->password_recover()
#9 /home/diego/Workspace/Astro-Online/lib/Cake/Controller/Controller.php(491): ReflectionMethod->invokeArgs(Object(UsersController), Array)
#10 /home/diego/Workspace/Astro-Online/lib/Cake/Routing/Dispatcher.php(193): Controller->invokeAction(Object(CakeRequest))
#11 /home/diego/Workspace/Astro-Online/lib/Cake/Routing/Dispatcher.php(167): Dispatcher->_invoke(Object(UsersController), Object(CakeRequest))
#12 /home/diego/Workspace/Astro-Online/app/webroot/index.php(110): Dispatcher->dispatch(Object(CakeRequest), Object(CakeResponse))
#13 {main}
2017-08-28 16:26:53 Error: [MissingControllerException] Controller class CssController could not be found.
Exception Attributes: array (
  'class' => 'CssController',
  'plugin' => NULL,
)
Request URL: /css/cake.generic.css
Stack Trace:
#0 /home/diego/Workspace/Astro-Online/app/webroot/index.php(110): Dispatcher->dispatch(Object(CakeRequest), Object(CakeResponse))
#1 {main}
2017-08-28 16:26:53 Error: [MissingControllerException] Controller class ImgController could not be found.
Exception Attributes: array (
  'class' => 'ImgController',
  'plugin' => NULL,
)
Request URL: /img/cake.power.gif
Stack Trace:
#0 /home/diego/Workspace/Astro-Online/app/webroot/index.php(110): Dispatcher->dispatch(Object(CakeRequest), Object(CakeResponse))
#1 {main}
2017-08-28 16:26:54 Error: [MissingConnectionException] Database connection "Mysql" is missing, or could not be created.
Exception Attributes: array (
  'class' => 'Mysql',
  'message' => 'SQLSTATE[HY000] [1045] Access denied for user \'Developer\'@\'localhost\' (using password: YES)',
  'enabled' => true,
)
Request URL: /users/password_recover
Stack Trace:
#0 /home/diego/Workspace/Astro-Online/lib/Cake/Model/Datasource/DboSource.php(269): Mysql->connect()
#1 /home/diego/Workspace/Astro-Online/lib/Cake/Model/ConnectionManager.php(105): DboSource->__construct(Array)
#2 /home/diego/Workspace/Astro-Online/lib/Cake/Model/Model.php(3640): ConnectionManager::getDataSource('default')
#3 /home/diego/Workspace/Astro-Online/lib/Cake/Model/Model.php(1162): Model->setDataSource('default')
#4 /home/diego/Workspace/Astro-Online/lib/Cake/Model/Model.php(3667): Model->setSource('users')
#5 /home/diego/Workspace/Astro-Online/lib/Cake/Model/Model.php(3038): Model->getDataSource()
#6 /home/diego/Workspace/Astro-Online/lib/Cake/Model/Model.php(3010): Model->_readDataSource('first', Array)
#7 /home/diego/Workspace/Astro-Online/app/Controller/UsersController.php(109): Model->find('first', Array)
#8 [internal function]: UsersController->password_recover()
#9 /home/diego/Workspace/Astro-Online/lib/Cake/Controller/Controller.php(491): ReflectionMethod->invokeArgs(Object(UsersController), Array)
#10 /home/diego/Workspace/Astro-Online/lib/Cake/Routing/Dispatcher.php(193): Controller->invokeAction(Object(CakeRequest))
#11 /home/diego/Workspace/Astro-Online/lib/Cake/Routing/Dispatcher.php(167): Dispatcher->_invoke(Object(UsersController), Object(CakeRequest))
#12 /home/diego/Workspace/Astro-Online/app/webroot/index.php(110): Dispatcher->dispatch(Object(CakeRequest), Object(CakeResponse))
#13 {main}
2017-08-28 16:26:54 Error: [MissingControllerException] Controller class CssController could not be found.
Exception Attributes: array (
  'class' => 'CssController',
  'plugin' => NULL,
)
Request URL: /css/cake.generic.css
Stack Trace:
#0 /home/diego/Workspace/Astro-Online/app/webroot/index.php(110): Dispatcher->dispatch(Object(CakeRequest), Object(CakeResponse))
#1 {main}
2017-08-28 16:26:54 Error: [MissingControllerException] Controller class ImgController could not be found.
Exception Attributes: array (
  'class' => 'ImgController',
  'plugin' => NULL,
)
Request URL: /img/cake.power.gif
Stack Trace:
#0 /home/diego/Workspace/Astro-Online/app/webroot/index.php(110): Dispatcher->dispatch(Object(CakeRequest), Object(CakeResponse))
#1 {main}
2017-08-28 16:27:10 Error: [MissingActionException] Action UsersController::index.html() could not be found.
Exception Attributes: array (
  'controller' => 'UsersController',
  'action' => 'index.html',
)
Request URL: /users/index.html
Stack Trace:
#0 /home/diego/Workspace/Astro-Online/lib/Cake/Routing/Dispatcher.php(193): Controller->invokeAction(Object(CakeRequest))
#1 /home/diego/Workspace/Astro-Online/lib/Cake/Routing/Dispatcher.php(167): Dispatcher->_invoke(Object(UsersController), Object(CakeRequest))
#2 /home/diego/Workspace/Astro-Online/app/webroot/index.php(110): Dispatcher->dispatch(Object(CakeRequest), Object(CakeResponse))
#3 {main}
2017-08-28 16:27:10 Error: [MissingControllerException] Controller class CssController could not be found.
Exception Attributes: array (
  'class' => 'CssController',
  'plugin' => NULL,
)
Request URL: /css/cake.generic.css
Stack Trace:
#0 /home/diego/Workspace/Astro-Online/app/webroot/index.php(110): Dispatcher->dispatch(Object(CakeRequest), Object(CakeResponse))
#1 {main}
2017-08-28 16:27:10 Error: [MissingControllerException] Controller class ImgController could not be found.
Exception Attributes: array (
  'class' => 'ImgController',
  'plugin' => NULL,
)
Request URL: /img/cake.power.gif
Stack Trace:
#0 /home/diego/Workspace/Astro-Online/app/webroot/index.php(110): Dispatcher->dispatch(Object(CakeRequest), Object(CakeResponse))
#1 {main}
2017-08-28 16:27:19 Error: [MissingActionException] Action UsersController::index.html() could not be found.
Exception Attributes: array (
  'controller' => 'UsersController',
  'action' => 'index.html',
)
Request URL: /Users/index.html
Stack Trace:
#0 /home/diego/Workspace/Astro-Online/lib/Cake/Routing/Dispatcher.php(193): Controller->invokeAction(Object(CakeRequest))
#1 /home/diego/Workspace/Astro-Online/lib/Cake/Routing/Dispatcher.php(167): Dispatcher->_invoke(Object(UsersController), Object(CakeRequest))
#2 /home/diego/Workspace/Astro-Online/app/webroot/index.php(110): Dispatcher->dispatch(Object(CakeRequest), Object(CakeResponse))
#3 {main}
2017-08-28 16:27:19 Error: [MissingControllerException] Controller class CssController could not be found.
Exception Attributes: array (
  'class' => 'CssController',
  'plugin' => NULL,
)
Request URL: /css/cake.generic.css
Stack Trace:
#0 /home/diego/Workspace/Astro-Online/app/webroot/index.php(110): Dispatcher->dispatch(Object(CakeRequest), Object(CakeResponse))
#1 {main}
2017-08-28 16:27:19 Error: [MissingControllerException] Controller class ImgController could not be found.
Exception Attributes: array (
  'class' => 'ImgController',
  'plugin' => NULL,
)
Request URL: /img/cake.power.gif
Stack Trace:
#0 /home/diego/Workspace/Astro-Online/app/webroot/index.php(110): Dispatcher->dispatch(Object(CakeRequest), Object(CakeResponse))
#1 {main}
2017-08-31 17:39:38 Error: [MissingControllerException] Controller class HomeController could not be found.
Exception Attributes: array (
  'class' => 'HomeController',
  'plugin' => NULL,
)
Request URL: /tool/home
Stack Trace:
#0 /home/diego/Workspace/Astro-Online/tool/app/webroot/index.php(110): Dispatcher->dispatch(Object(CakeRequest), Object(CakeResponse))
#1 {main}
2017-08-31 17:39:39 Error: [MissingControllerException] Controller class CssController could not be found.
Exception Attributes: array (
  'class' => 'CssController',
  'plugin' => NULL,
)
Request URL: /tool/css/cake.generic.css
Stack Trace:
#0 /home/diego/Workspace/Astro-Online/tool/app/webroot/index.php(110): Dispatcher->dispatch(Object(CakeRequest), Object(CakeResponse))
#1 {main}
2017-08-31 17:39:39 Error: [MissingControllerException] Controller class ImgController could not be found.
Exception Attributes: array (
  'class' => 'ImgController',
  'plugin' => NULL,
)
Request URL: /tool/img/cake.power.gif
Stack Trace:
#0 /home/diego/Workspace/Astro-Online/tool/app/webroot/index.php(110): Dispatcher->dispatch(Object(CakeRequest), Object(CakeResponse))
#1 {main}
2017-08-31 17:54:12 Error: [MissingControllerException] Controller class JsController could not be found.
Exception Attributes: array (
  'class' => 'JsController',
  'plugin' => NULL,
)
Request URL: /tool/js/jquery.min.map
Stack Trace:
#0 /home/diego/Workspace/Astro-Online/tool/app/webroot/index.php(110): Dispatcher->dispatch(Object(CakeRequest), Object(CakeResponse))
#1 {main}
2017-08-31 17:55:02 Error: [MissingControllerException] Controller class JsController could not be found.
Exception Attributes: array (
  'class' => 'JsController',
  'plugin' => NULL,
)
Request URL: /tool/js/jquery.min.map
Stack Trace:
#0 /home/diego/Workspace/Astro-Online/tool/app/webroot/index.php(110): Dispatcher->dispatch(Object(CakeRequest), Object(CakeResponse))
#1 {main}
2017-08-31 17:58:54 Error: [MissingControllerException] Controller class JsController could not be found.
Exception Attributes: array (
  'class' => 'JsController',
  'plugin' => NULL,
)
Request URL: /tool/js/jquery.min.map
Stack Trace:
#0 /home/diego/Workspace/Astro-Online/tool/app/webroot/index.php(110): Dispatcher->dispatch(Object(CakeRequest), Object(CakeResponse))
#1 {main}
2017-08-31 17:59:48 Error: [MissingControllerException] Controller class JsController could not be found.
Exception Attributes: array (
  'class' => 'JsController',
  'plugin' => NULL,
)
Request URL: /tool/js/jquery.min.map
Stack Trace:
#0 /home/diego/Workspace/Astro-Online/tool/app/webroot/index.php(110): Dispatcher->dispatch(Object(CakeRequest), Object(CakeResponse))
#1 {main}
2017-08-31 18:06:38 Error: [MissingControllerException] Controller class JsController could not be found.
Exception Attributes: array (
  'class' => 'JsController',
  'plugin' => NULL,
)
Request URL: /tool/js/jquery.min.map
Stack Trace:
#0 /home/diego/Workspace/Astro-Online/tool/app/webroot/index.php(110): Dispatcher->dispatch(Object(CakeRequest), Object(CakeResponse))
#1 {main}
2017-08-31 18:07:22 Error: [MissingControllerException] Controller class JsController could not be found.
Exception Attributes: array (
  'class' => 'JsController',
  'plugin' => NULL,
)
Request URL: /tool/js/jquery.min.map
Stack Trace:
#0 /home/diego/Workspace/Astro-Online/tool/app/webroot/index.php(110): Dispatcher->dispatch(Object(CakeRequest), Object(CakeResponse))
#1 {main}
2017-08-31 20:47:29 Error: [MissingControllerException] Controller class JsController could not be found.
Exception Attributes: array (
  'class' => 'JsController',
  'plugin' => NULL,
)
Request URL: /tool/js/jquery.min.map
Stack Trace:
#0 /home/diego/Workspace/Astro-Online/tool/app/webroot/index.php(110): Dispatcher->dispatch(Object(CakeRequest), Object(CakeResponse))
#1 {main}
2017-08-31 20:48:17 Error: [MissingControllerException] Controller class JsController could not be found.
Exception Attributes: array (
  'class' => 'JsController',
  'plugin' => NULL,
)
Request URL: /tool/js/jquery.min.map
Stack Trace:
#0 /home/diego/Workspace/Astro-Online/tool/app/webroot/index.php(110): Dispatcher->dispatch(Object(CakeRequest), Object(CakeResponse))
#1 {main}
2017-08-31 20:54:03 Error: [MissingControllerException] Controller class JsController could not be found.
Exception Attributes: array (
  'class' => 'JsController',
  'plugin' => NULL,
)
Request URL: /tool/js/jquery.min.map
Stack Trace:
#0 /home/diego/Workspace/Astro-Online/tool/app/webroot/index.php(110): Dispatcher->dispatch(Object(CakeRequest), Object(CakeResponse))
#1 {main}
2017-08-31 20:57:45 Error: [MissingControllerException] Controller class JsController could not be found.
Exception Attributes: array (
  'class' => 'JsController',
  'plugin' => NULL,
)
Request URL: /tool/js/jquery.min.map
Stack Trace:
#0 /home/diego/Workspace/Astro-Online/tool/app/webroot/index.php(110): Dispatcher->dispatch(Object(CakeRequest), Object(CakeResponse))
#1 {main}
2017-08-31 21:05:57 Error: [MissingControllerException] Controller class JsController could not be found.
Exception Attributes: array (
  'class' => 'JsController',
  'plugin' => NULL,
)
Request URL: /tool/js/jquery.min.map
Stack Trace:
#0 /home/diego/Workspace/Astro-Online/tool/app/webroot/index.php(110): Dispatcher->dispatch(Object(CakeRequest), Object(CakeResponse))
#1 {main}
2017-08-31 21:05:57 Error: [MissingControllerException] Controller class JsController could not be found.
Exception Attributes: array (
  'class' => 'JsController',
  'plugin' => NULL,
)
Request URL: /tool/js/jquery.min.map
Stack Trace:
#0 /home/diego/Workspace/Astro-Online/tool/app/webroot/index.php(110): Dispatcher->dispatch(Object(CakeRequest), Object(CakeResponse))
#1 {main}
2017-08-31 21:06:17 Error: [MissingControllerException] Controller class JsController could not be found.
Exception Attributes: array (
  'class' => 'JsController',
  'plugin' => NULL,
)
Request URL: /tool/js/jquery.min.map
Stack Trace:
#0 /home/diego/Workspace/Astro-Online/tool/app/webroot/index.php(110): Dispatcher->dispatch(Object(CakeRequest), Object(CakeResponse))
#1 {main}
2017-08-31 21:06:39 Error: [MissingControllerException] Controller class JsController could not be found.
Exception Attributes: array (
  'class' => 'JsController',
  'plugin' => NULL,
)
Request URL: /tool/js/jquery.min.map
Stack Trace:
#0 /home/diego/Workspace/Astro-Online/tool/app/webroot/index.php(110): Dispatcher->dispatch(Object(CakeRequest), Object(CakeResponse))
#1 {main}
2017-08-31 21:06:59 Error: [MissingControllerException] Controller class JsController could not be found.
Exception Attributes: array (
  'class' => 'JsController',
  'plugin' => NULL,
)
Request URL: /tool/js/jquery.min.map
Stack Trace:
#0 /home/diego/Workspace/Astro-Online/tool/app/webroot/index.php(110): Dispatcher->dispatch(Object(CakeRequest), Object(CakeResponse))
#1 {main}
2017-08-31 21:07:24 Error: [MissingControllerException] Controller class JsController could not be found.
Exception Attributes: array (
  'class' => 'JsController',
  'plugin' => NULL,
)
Request URL: /tool/js/jquery.min.map
Stack Trace:
#0 /home/diego/Workspace/Astro-Online/tool/app/webroot/index.php(110): Dispatcher->dispatch(Object(CakeRequest), Object(CakeResponse))
#1 {main}
2017-08-31 22:08:35 Error: [MissingControllerException] Controller class JsController could not be found.
Exception Attributes: array (
  'class' => 'JsController',
  'plugin' => NULL,
)
Request URL: /tool/js/jquery.min.map
Stack Trace:
#0 /home/diego/Workspace/Astro-Online/tool/app/webroot/index.php(110): Dispatcher->dispatch(Object(CakeRequest), Object(CakeResponse))
#1 {main}
2017-08-31 22:10:15 Error: [MissingControllerException] Controller class JsController could not be found.
Exception Attributes: array (
  'class' => 'JsController',
  'plugin' => NULL,
)
Request URL: /tool/js/jquery.min.map
Stack Trace:
#0 /home/diego/Workspace/Astro-Online/tool/app/webroot/index.php(110): Dispatcher->dispatch(Object(CakeRequest), Object(CakeResponse))
#1 {main}
2017-08-31 22:11:19 Error: [MissingControllerException] Controller class JsController could not be found.
Exception Attributes: array (
  'class' => 'JsController',
  'plugin' => NULL,
)
Request URL: /tool/js/jquery.min.map
Stack Trace:
#0 /home/diego/Workspace/Astro-Online/tool/app/webroot/index.php(110): Dispatcher->dispatch(Object(CakeRequest), Object(CakeResponse))
#1 {main}
2017-08-31 22:11:41 Error: [MissingControllerException] Controller class JsController could not be found.
Exception Attributes: array (
  'class' => 'JsController',
  'plugin' => NULL,
)
Request URL: /tool/js/jquery.min.map
Stack Trace:
#0 /home/diego/Workspace/Astro-Online/tool/app/webroot/index.php(110): Dispatcher->dispatch(Object(CakeRequest), Object(CakeResponse))
#1 {main}
2017-09-02 17:46:44 Error: [ParseError] syntax error, unexpected ';', expecting ',' or ')'
Request URL: /tool/Users/login
Stack Trace:
#0 /home/diego/Workspace/Astro-Online/tool/lib/Cake/View/View.php(933): View->_evaluate('/home/diego/Wor...', Array)
#1 /home/diego/Workspace/Astro-Online/tool/lib/Cake/View/View.php(473): View->_render('/home/diego/Wor...')
#2 /home/diego/Workspace/Astro-Online/tool/lib/Cake/Controller/Controller.php(963): View->render(NULL, NULL)
#3 /home/diego/Workspace/Astro-Online/tool/lib/Cake/Routing/Dispatcher.php(200): Controller->render()
#4 /home/diego/Workspace/Astro-Online/tool/lib/Cake/Routing/Dispatcher.php(167): Dispatcher->_invoke(Object(UsersController), Object(CakeRequest))
#5 /home/diego/Workspace/Astro-Online/tool/app/webroot/index.php(110): Dispatcher->dispatch(Object(CakeRequest), Object(CakeResponse))
#6 {main}
2017-09-02 17:46:45 Error: [MissingControllerException] Controller class CssController could not be found.
Exception Attributes: array (
  'class' => 'CssController',
  'plugin' => NULL,
)
Request URL: /tool/css/cake.generic.css
Stack Trace:
#0 /home/diego/Workspace/Astro-Online/tool/app/webroot/index.php(110): Dispatcher->dispatch(Object(CakeRequest), Object(CakeResponse))
#1 {main}
2017-09-02 17:46:45 Error: [MissingControllerException] Controller class ImgController could not be found.
Exception Attributes: array (
  'class' => 'ImgController',
  'plugin' => NULL,
)
Request URL: /tool/img/cake.power.gif
Stack Trace:
#0 /home/diego/Workspace/Astro-Online/tool/app/webroot/index.php(110): Dispatcher->dispatch(Object(CakeRequest), Object(CakeResponse))
#1 {main}
2017-09-02 17:46:45 Error: [MissingControllerException] Controller class ImgController could not be found.
Exception Attributes: array (
  'class' => 'ImgController',
  'plugin' => NULL,
)
Request URL: /tool/img/cake.power.gif
Stack Trace:
#0 /home/diego/Workspace/Astro-Online/tool/app/webroot/index.php(110): Dispatcher->dispatch(Object(CakeRequest), Object(CakeResponse))
#1 {main}
2017-09-02 17:46:55 Error: [ParseError] syntax error, unexpected '<', expecting end of file
Request URL: /tool/Users/login
Stack Trace:
#0 /home/diego/Workspace/Astro-Online/tool/lib/Cake/View/View.php(933): View->_evaluate('/home/diego/Wor...', Array)
#1 /home/diego/Workspace/Astro-Online/tool/lib/Cake/View/View.php(473): View->_render('/home/diego/Wor...')
#2 /home/diego/Workspace/Astro-Online/tool/lib/Cake/Controller/Controller.php(963): View->render(NULL, NULL)
#3 /home/diego/Workspace/Astro-Online/tool/lib/Cake/Routing/Dispatcher.php(200): Controller->render()
#4 /home/diego/Workspace/Astro-Online/tool/lib/Cake/Routing/Dispatcher.php(167): Dispatcher->_invoke(Object(UsersController), Object(CakeRequest))
#5 /home/diego/Workspace/Astro-Online/tool/app/webroot/index.php(110): Dispatcher->dispatch(Object(CakeRequest), Object(CakeResponse))
#6 {main}
2017-09-02 17:46:55 Error: [MissingControllerException] Controller class CssController could not be found.
Exception Attributes: array (
  'class' => 'CssController',
  'plugin' => NULL,
)
Request URL: /tool/css/cake.generic.css
Stack Trace:
#0 /home/diego/Workspace/Astro-Online/tool/app/webroot/index.php(110): Dispatcher->dispatch(Object(CakeRequest), Object(CakeResponse))
#1 {main}
2017-09-02 17:46:58 Error: [MissingControllerException] Controller class ImgController could not be found.
Exception Attributes: array (
  'class' => 'ImgController',
  'plugin' => NULL,
)
Request URL: /tool/img/cake.power.gif
Stack Trace:
#0 /home/diego/Workspace/Astro-Online/tool/app/webroot/index.php(110): Dispatcher->dispatch(Object(CakeRequest), Object(CakeResponse))
#1 {main}
2017-09-02 17:48:35 Error: [ParseError] syntax error, unexpected '"div"' (T_CONSTANT_ENCAPSED_STRING), expecting ')'
Request URL: /tool/Users/login
Stack Trace:
#0 /home/diego/Workspace/Astro-Online/tool/lib/Cake/View/View.php(933): View->_evaluate('/home/diego/Wor...', Array)
#1 /home/diego/Workspace/Astro-Online/tool/lib/Cake/View/View.php(473): View->_render('/home/diego/Wor...')
#2 /home/diego/Workspace/Astro-Online/tool/lib/Cake/Controller/Controller.php(963): View->render(NULL, NULL)
#3 /home/diego/Workspace/Astro-Online/tool/lib/Cake/Routing/Dispatcher.php(200): Controller->render()
#4 /home/diego/Workspace/Astro-Online/tool/lib/Cake/Routing/Dispatcher.php(167): Dispatcher->_invoke(Object(UsersController), Object(CakeRequest))
#5 /home/diego/Workspace/Astro-Online/tool/app/webroot/index.php(110): Dispatcher->dispatch(Object(CakeRequest), Object(CakeResponse))
#6 {main}
2017-09-02 17:48:35 Error: [MissingControllerException] Controller class CssController could not be found.
Exception Attributes: array (
  'class' => 'CssController',
  'plugin' => NULL,
)
Request URL: /tool/css/cake.generic.css
Stack Trace:
#0 /home/diego/Workspace/Astro-Online/tool/app/webroot/index.php(110): Dispatcher->dispatch(Object(CakeRequest), Object(CakeResponse))
#1 {main}
2017-09-02 17:48:35 Error: [MissingControllerException] Controller class ImgController could not be found.
Exception Attributes: array (
  'class' => 'ImgController',
  'plugin' => NULL,
)
Request URL: /tool/img/cake.power.gif
Stack Trace:
#0 /home/diego/Workspace/Astro-Online/tool/app/webroot/index.php(110): Dispatcher->dispatch(Object(CakeRequest), Object(CakeResponse))
#1 {main}
2017-09-02 17:48:35 Error: [MissingControllerException] Controller class ImgController could not be found.
Exception Attributes: array (
  'class' => 'ImgController',
  'plugin' => NULL,
)
Request URL: /tool/img/cake.power.gif
Stack Trace:
#0 /home/diego/Workspace/Astro-Online/tool/app/webroot/index.php(110): Dispatcher->dispatch(Object(CakeRequest), Object(CakeResponse))
#1 {main}
2017-09-02 18:26:57 Error: [MissingControllerException] Controller class JsController could not be found.
Exception Attributes: array (
  'class' => 'JsController',
  'plugin' => NULL,
)
Request URL: /tool/js/jquery.min.map
Stack Trace:
#0 /home/diego/Workspace/Astro-Online/tool/app/webroot/index.php(110): Dispatcher->dispatch(Object(CakeRequest), Object(CakeResponse))
#1 {main}
2017-09-02 18:28:21 Error: [MissingControllerException] Controller class JsController could not be found.
Exception Attributes: array (
  'class' => 'JsController',
  'plugin' => NULL,
)
Request URL: /tool/js/jquery.min.map
Stack Trace:
#0 /home/diego/Workspace/Astro-Online/tool/app/webroot/index.php(110): Dispatcher->dispatch(Object(CakeRequest), Object(CakeResponse))
#1 {main}
2017-09-02 18:31:32 Error: [MissingControllerException] Controller class JsController could not be found.
Exception Attributes: array (
  'class' => 'JsController',
  'plugin' => NULL,
)
Request URL: /tool/js/jquery.min.map
Stack Trace:
#0 /home/diego/Workspace/Astro-Online/tool/app/webroot/index.php(110): Dispatcher->dispatch(Object(CakeRequest), Object(CakeResponse))
#1 {main}
2017-09-02 18:34:05 Error: [MissingControllerException] Controller class JsController could not be found.
Exception Attributes: array (
  'class' => 'JsController',
  'plugin' => NULL,
)
Request URL: /tool/js/jquery.min.map
Stack Trace:
#0 /home/diego/Workspace/Astro-Online/tool/app/webroot/index.php(110): Dispatcher->dispatch(Object(CakeRequest), Object(CakeResponse))
#1 {main}
2017-09-02 18:35:35 Error: [MissingControllerException] Controller class JsController could not be found.
Exception Attributes: array (
  'class' => 'JsController',
  'plugin' => NULL,
)
Request URL: /tool/js/jquery.min.map
Stack Trace:
#0 /home/diego/Workspace/Astro-Online/tool/app/webroot/index.php(110): Dispatcher->dispatch(Object(CakeRequest), Object(CakeResponse))
#1 {main}
2017-09-02 19:14:07 Error: [MissingControllerException] Controller class JsController could not be found.
Exception Attributes: array (
  'class' => 'JsController',
  'plugin' => NULL,
)
Request URL: /tool/js/jquery.min.map
Stack Trace:
#0 /home/diego/Workspace/Astro-Online/tool/app/webroot/index.php(110): Dispatcher->dispatch(Object(CakeRequest), Object(CakeResponse))
#1 {main}
2017-09-02 19:18:00 Error: [MissingControllerException] Controller class JsController could not be found.
Exception Attributes: array (
  'class' => 'JsController',
  'plugin' => NULL,
)
Request URL: /tool/js/jquery.min.map
Stack Trace:
#0 /home/diego/Workspace/Astro-Online/tool/app/webroot/index.php(110): Dispatcher->dispatch(Object(CakeRequest), Object(CakeResponse))
#1 {main}
2017-09-02 19:18:40 Error: [MissingControllerException] Controller class JsController could not be found.
Exception Attributes: array (
  'class' => 'JsController',
  'plugin' => NULL,
)
Request URL: /tool/js/jquery.min.map
Stack Trace:
#0 /home/diego/Workspace/Astro-Online/tool/app/webroot/index.php(110): Dispatcher->dispatch(Object(CakeRequest), Object(CakeResponse))
#1 {main}
2017-09-02 19:19:20 Error: [MissingControllerException] Controller class JsController could not be found.
Exception Attributes: array (
  'class' => 'JsController',
  'plugin' => NULL,
)
Request URL: /tool/js/jquery.min.map
Stack Trace:
#0 /home/diego/Workspace/Astro-Online/tool/app/webroot/index.php(110): Dispatcher->dispatch(Object(CakeRequest), Object(CakeResponse))
#1 {main}
2017-09-02 19:19:44 Error: [MissingControllerException] Controller class JsController could not be found.
Exception Attributes: array (
  'class' => 'JsController',
  'plugin' => NULL,
)
Request URL: /tool/js/jquery.min.map
Stack Trace:
#0 /home/diego/Workspace/Astro-Online/tool/app/webroot/index.php(110): Dispatcher->dispatch(Object(CakeRequest), Object(CakeResponse))
#1 {main}
2017-09-02 19:22:36 Error: [MissingControllerException] Controller class JsController could not be found.
Exception Attributes: array (
  'class' => 'JsController',
  'plugin' => NULL,
)
Request URL: /tool/js/jquery.min.map
Stack Trace:
#0 /home/diego/Workspace/Astro-Online/tool/app/webroot/index.php(110): Dispatcher->dispatch(Object(CakeRequest), Object(CakeResponse))
#1 {main}
2017-09-02 19:26:22 Error: [MissingControllerException] Controller class JsController could not be found.
Exception Attributes: array (
  'class' => 'JsController',
  'plugin' => NULL,
)
Request URL: /tool/js/jquery.min.map
Stack Trace:
#0 /home/diego/Workspace/Astro-Online/tool/app/webroot/index.php(110): Dispatcher->dispatch(Object(CakeRequest), Object(CakeResponse))
#1 {main}
2017-09-02 19:26:28 Error: [MissingControllerException] Controller class JsController could not be found.
Exception Attributes: array (
  'class' => 'JsController',
  'plugin' => NULL,
)
Request URL: /tool/js/jquery.min.map
Stack Trace:
#0 /home/diego/Workspace/Astro-Online/tool/app/webroot/index.php(110): Dispatcher->dispatch(Object(CakeRequest), Object(CakeResponse))
#1 {main}
2017-09-02 19:27:19 Error: [MissingControllerException] Controller class JsController could not be found.
Exception Attributes: array (
  'class' => 'JsController',
  'plugin' => NULL,
)
Request URL: /tool/js/jquery.min.map
Stack Trace:
#0 /home/diego/Workspace/Astro-Online/tool/app/webroot/index.php(110): Dispatcher->dispatch(Object(CakeRequest), Object(CakeResponse))
#1 {main}
2017-09-02 19:31:54 Error: [MissingControllerException] Controller class JsController could not be found.
Exception Attributes: array (
  'class' => 'JsController',
  'plugin' => NULL,
)
Request URL: /tool/js/jquery.min.map
Stack Trace:
#0 /home/diego/Workspace/Astro-Online/tool/app/webroot/index.php(110): Dispatcher->dispatch(Object(CakeRequest), Object(CakeResponse))
#1 {main}
